<?xml version="1.0" encoding="UTF-8"?>
<!-- Generated by org.testng.reporters.JUnitReportReporter -->
<testsuite hostname="DESKTOP-F9UHEL9" failures="0" tests="3" name="com.test.SampleTest" time="7.580" errors="0" timestamp="2023-12-08T16:28:56 MYT" skipped="0">
  <testcase classname="com.test.SampleTest" name="testCase3" time="3.023"/>
  <testcase classname="com.test.SampleTest" name="testCase1" time="2.349"/>
  <testcase classname="com.test.SampleTest" name="testCase2" time="2.208"/>
</testsuite> <!-- com.test.SampleTest -->
